<?xml version="1.0" encoding="UTF-8"?>
<!-- Generated by org.testng.reporters.JUnitXMLReporter -->
<testsuite hostname="FDLMC2141.local" ignored="0" name="Test" tests="3" failures="0" timestamp="2020-03-14T18:41:16 IST" time="31.869" errors="0">
  <testcase name="newSignUp" time="8.46" classname="com.hellofresh.test.SigninTest"/>
  <testcase name="validLogin" time="4.449" classname="com.hellofresh.test.SigninTest"/>
  <testcase name="purchaseTshirt" time="21.1" classname="com.hellofresh.test.PurchaseTest"/>
</testsuite> <!-- Test -->
