<?xml version="1.0" encoding="UTF-8"?>
<testng-results skipped="0" failed="0" ignored="0" total="1" passed="1">
  <reporter-output>
  </reporter-output>
  <suite name="Hello Fresh" duration-ms="29617" started-at="2020-03-16T09:37:32 IST" finished-at="2020-03-16T09:38:01 IST">
    <groups>
    </groups>
    <test name="Regression test run" duration-ms="29617" started-at="2020-03-16T09:37:32 IST" finished-at="2020-03-16T09:38:01 IST">
      <class name="com.hellofresh.test.PurchaseTest">
        <test-method status="PASS" signature="dataSetup()[pri:0, instance:com.hellofresh.test.PurchaseTest@163370c2]" name="dataSetup" is-config="true" duration-ms="12" started-at="2020-03-16T09:37:32 IST" finished-at="2020-03-16T09:37:32 IST">
          <reporter-output>
          </reporter-output>
        </test-method> <!-- dataSetup -->
        <test-method status="PASS" signature="setup()[pri:0, instance:com.hellofresh.test.PurchaseTest@163370c2]" name="setup" is-config="true" duration-ms="1285" started-at="2020-03-16T09:37:32 IST" finished-at="2020-03-16T09:37:33 IST">
          <reporter-output>
          </reporter-output>
        </test-method> <!-- setup -->
        <test-method status="PASS" signature="launchApp()[pri:0, instance:com.hellofresh.test.PurchaseTest@163370c2]" name="launchApp" is-config="true" duration-ms="7013" started-at="2020-03-16T09:37:33 IST" finished-at="2020-03-16T09:37:40 IST">
          <reporter-output>
          </reporter-output>
        </test-method> <!-- launchApp -->
        <test-method status="PASS" signature="purchaseTshirt()[pri:0, instance:com.hellofresh.test.PurchaseTest@163370c2]" name="purchaseTshirt" duration-ms="21025" started-at="2020-03-16T09:37:40 IST" description="Verify whether user is able place order" finished-at="2020-03-16T09:38:01 IST">
          <reporter-output>
          </reporter-output>
        </test-method> <!-- purchaseTshirt -->
        <test-method status="PASS" signature="tearDown()[pri:0, instance:com.hellofresh.test.PurchaseTest@163370c2]" name="tearDown" is-config="true" duration-ms="147" started-at="2020-03-16T09:38:01 IST" finished-at="2020-03-16T09:38:01 IST">
          <reporter-output>
          </reporter-output>
        </test-method> <!-- tearDown -->
      </class> <!-- com.hellofresh.test.PurchaseTest -->
    </test> <!-- Regression test run -->
  </suite> <!-- Hello Fresh -->
</testng-results>
